{"uid":"7c5e6c1ce10f72e7","name":"User Create a profile on the Protractor practice website","fullName":"src/test/java/com/absatest/resources/Features/CreateProfile.feature:4","historyId":"29084c33864d99774ca8133532e72b90","time":{"start":1741092465207,"stop":1741092474216,"duration":9009},"status":"broken","statusMessage":"Step [User enters \\{string} as First Name and \\{string} as Last Name] is defined with 2 parameters at 'com.absatest.java.StepDefinition.CreateProfileSteps.user_enters_as_first_name_and_as_last_name(java.lang.String,java.lang.String)'.\nHowever, the gherkin step has 0 arguments.\nStep text: User enters {string} as First Name and {string} as Last Name","statusTrace":"io.cucumber.core.exception.CucumberException: Step [User enters \\{string} as First Name and \\{string} as Last Name] is defined with 2 parameters at 'com.absatest.java.StepDefinition.CreateProfileSteps.user_enters_as_first_name_and_as_last_name(java.lang.String,java.lang.String)'.\nHowever, the gherkin step has 0 arguments.\nStep text: User enters {string} as First Name and {string} as Last Name\r\n\tat io.cucumber.core.runner.PickleStepDefinitionMatch.arityMismatch(PickleStepDefinitionMatch.java:82)\r\n\tat io.cucumber.core.runner.PickleStepDefinitionMatch.runStep(PickleStepDefinitionMatch.java:41)\r\n\tat io.cucumber.core.runner.ExecutionMode$1.execute(ExecutionMode.java:10)\r\n\tat io.cucumber.core.runner.TestStep.executeStep(TestStep.java:81)\r\n\tat io.cucumber.core.runner.TestStep.run(TestStep.java:53)\r\n\tat io.cucumber.core.runner.PickleStepTestStep.run(PickleStepTestStep.java:51)\r\n\tat io.cucumber.core.runner.TestCase.run(TestCase.java:84)\r\n\tat io.cucumber.core.runner.Runner.runPickle(Runner.java:75)\r\n\tat io.cucumber.junit.PickleRunners$NoStepDescriptions.lambda$run$0(PickleRunners.java:151)\r\n\tat io.cucumber.core.runtime.CucumberExecutionContext.lambda$runTestCase$5(CucumberExecutionContext.java:136)\r\n\tat io.cucumber.core.runtime.RethrowingThrowableCollector.executeAndThrow(RethrowingThrowableCollector.java:23)\r\n\tat io.cucumber.core.runtime.CucumberExecutionContext.runTestCase(CucumberExecutionContext.java:136)\r\n\tat io.cucumber.junit.PickleRunners$NoStepDescriptions.run(PickleRunners.java:148)\r\n\tat io.cucumber.junit.FeatureRunner.runChild(FeatureRunner.java:144)\r\n\tat io.cucumber.junit.FeatureRunner.runChild(FeatureRunner.java:28)\r\n\tat org.junit.runners.ParentRunner$4.run(ParentRunner.java:331)\r\n\tat org.junit.runners.ParentRunner$1.schedule(ParentRunner.java:79)\r\n\tat org.junit.runners.ParentRunner.runChildren(ParentRunner.java:329)\r\n\tat org.junit.runners.ParentRunner.access$100(ParentRunner.java:66)\r\n\tat org.junit.runners.ParentRunner$2.evaluate(ParentRunner.java:293)\r\n\tat org.junit.runners.ParentRunner$3.evaluate(ParentRunner.java:306)\r\n\tat org.junit.runners.ParentRunner.run(ParentRunner.java:413)\r\n\tat io.cucumber.junit.FeatureRunner.run(FeatureRunner.java:137)\r\n\tat io.cucumber.junit.Cucumber.runChild(Cucumber.java:199)\r\n\tat io.cucumber.junit.Cucumber.runChild(Cucumber.java:89)\r\n\tat org.junit.runners.ParentRunner$4.run(ParentRunner.java:331)\r\n\tat org.junit.runners.ParentRunner$1.schedule(ParentRunner.java:79)\r\n\tat org.junit.runners.ParentRunner.runChildren(ParentRunner.java:329)\r\n\tat org.junit.runners.ParentRunner.access$100(ParentRunner.java:66)\r\n\tat org.junit.runners.ParentRunner$2.evaluate(ParentRunner.java:293)\r\n\tat io.cucumber.core.runtime.CucumberExecutionContext.lambda$runFeatures$6(CucumberExecutionContext.java:147)\r\n\tat io.cucumber.core.runtime.CucumberExecutionContext.execute(CucumberExecutionContext.java:162)\r\n\tat io.cucumber.core.runtime.CucumberExecutionContext.runFeatures(CucumberExecutionContext.java:145)\r\n\tat io.cucumber.junit.Cucumber$StartAndFinishTestRun.evaluate(Cucumber.java:229)\r\n\tat org.junit.runners.ParentRunner$3.evaluate(ParentRunner.java:306)\r\n\tat org.junit.runners.ParentRunner.run(ParentRunner.java:413)\r\n\tat org.eclipse.jdt.internal.junit4.runner.JUnit4TestReference.run(JUnit4TestReference.java:93)\r\n\tat org.eclipse.jdt.internal.junit.runner.TestExecution.run(TestExecution.java:40)\r\n\tat org.eclipse.jdt.internal.junit.runner.RemoteTestRunner.runTests(RemoteTestRunner.java:520)\r\n\tat org.eclipse.jdt.internal.junit.runner.RemoteTestRunner.runTests(RemoteTestRunner.java:748)\r\n\tat org.eclipse.jdt.internal.junit.runner.RemoteTestRunner.run(RemoteTestRunner.java:443)\r\n\tat org.eclipse.jdt.internal.junit.runner.RemoteTestRunner.main(RemoteTestRunner.java:211)\r\n","flaky":false,"newFailed":false,"newBroken":false,"newPassed":false,"retriesCount":0,"retriesStatusChange":false,"beforeStages":[],"testStage":{"status":"broken","statusMessage":"Step [User enters \\{string} as First Name and \\{string} as Last Name] is defined with 2 parameters at 'com.absatest.java.StepDefinition.CreateProfileSteps.user_enters_as_first_name_and_as_last_name(java.lang.String,java.lang.String)'.\nHowever, the gherkin step has 0 arguments.\nStep text: User enters {string} as First Name and {string} as Last Name","statusTrace":"io.cucumber.core.exception.CucumberException: Step [User enters \\{string} as First Name and \\{string} as Last Name] is defined with 2 parameters at 'com.absatest.java.StepDefinition.CreateProfileSteps.user_enters_as_first_name_and_as_last_name(java.lang.String,java.lang.String)'.\nHowever, the gherkin step has 0 arguments.\nStep text: User enters {string} as First Name and {string} as Last Name\r\n\tat io.cucumber.core.runner.PickleStepDefinitionMatch.arityMismatch(PickleStepDefinitionMatch.java:82)\r\n\tat io.cucumber.core.runner.PickleStepDefinitionMatch.runStep(PickleStepDefinitionMatch.java:41)\r\n\tat io.cucumber.core.runner.ExecutionMode$1.execute(ExecutionMode.java:10)\r\n\tat io.cucumber.core.runner.TestStep.executeStep(TestStep.java:81)\r\n\tat io.cucumber.core.runner.TestStep.run(TestStep.java:53)\r\n\tat io.cucumber.core.runner.PickleStepTestStep.run(PickleStepTestStep.java:51)\r\n\tat io.cucumber.core.runner.TestCase.run(TestCase.java:84)\r\n\tat io.cucumber.core.runner.Runner.runPickle(Runner.java:75)\r\n\tat io.cucumber.junit.PickleRunners$NoStepDescriptions.lambda$run$0(PickleRunners.java:151)\r\n\tat io.cucumber.core.runtime.CucumberExecutionContext.lambda$runTestCase$5(CucumberExecutionContext.java:136)\r\n\tat io.cucumber.core.runtime.RethrowingThrowableCollector.executeAndThrow(RethrowingThrowableCollector.java:23)\r\n\tat io.cucumber.core.runtime.CucumberExecutionContext.runTestCase(CucumberExecutionContext.java:136)\r\n\tat io.cucumber.junit.PickleRunners$NoStepDescriptions.run(PickleRunners.java:148)\r\n\tat io.cucumber.junit.FeatureRunner.runChild(FeatureRunner.java:144)\r\n\tat io.cucumber.junit.FeatureRunner.runChild(FeatureRunner.java:28)\r\n\tat org.junit.runners.ParentRunner$4.run(ParentRunner.java:331)\r\n\tat org.junit.runners.ParentRunner$1.schedule(ParentRunner.java:79)\r\n\tat org.junit.runners.ParentRunner.runChildren(ParentRunner.java:329)\r\n\tat org.junit.runners.ParentRunner.access$100(ParentRunner.java:66)\r\n\tat org.junit.runners.ParentRunner$2.evaluate(ParentRunner.java:293)\r\n\tat org.junit.runners.ParentRunner$3.evaluate(ParentRunner.java:306)\r\n\tat org.junit.runners.ParentRunner.run(ParentRunner.java:413)\r\n\tat io.cucumber.junit.FeatureRunner.run(FeatureRunner.java:137)\r\n\tat io.cucumber.junit.Cucumber.runChild(Cucumber.java:199)\r\n\tat io.cucumber.junit.Cucumber.runChild(Cucumber.java:89)\r\n\tat org.junit.runners.ParentRunner$4.run(ParentRunner.java:331)\r\n\tat org.junit.runners.ParentRunner$1.schedule(ParentRunner.java:79)\r\n\tat org.junit.runners.ParentRunner.runChildren(ParentRunner.java:329)\r\n\tat org.junit.runners.ParentRunner.access$100(ParentRunner.java:66)\r\n\tat org.junit.runners.ParentRunner$2.evaluate(ParentRunner.java:293)\r\n\tat io.cucumber.core.runtime.CucumberExecutionContext.lambda$runFeatures$6(CucumberExecutionContext.java:147)\r\n\tat io.cucumber.core.runtime.CucumberExecutionContext.execute(CucumberExecutionContext.java:162)\r\n\tat io.cucumber.core.runtime.CucumberExecutionContext.runFeatures(CucumberExecutionContext.java:145)\r\n\tat io.cucumber.junit.Cucumber$StartAndFinishTestRun.evaluate(Cucumber.java:229)\r\n\tat org.junit.runners.ParentRunner$3.evaluate(ParentRunner.java:306)\r\n\tat org.junit.runners.ParentRunner.run(ParentRunner.java:413)\r\n\tat org.eclipse.jdt.internal.junit4.runner.JUnit4TestReference.run(JUnit4TestReference.java:93)\r\n\tat org.eclipse.jdt.internal.junit.runner.TestExecution.run(TestExecution.java:40)\r\n\tat org.eclipse.jdt.internal.junit.runner.RemoteTestRunner.runTests(RemoteTestRunner.java:520)\r\n\tat org.eclipse.jdt.internal.junit.runner.RemoteTestRunner.runTests(RemoteTestRunner.java:748)\r\n\tat org.eclipse.jdt.internal.junit.runner.RemoteTestRunner.run(RemoteTestRunner.java:443)\r\n\tat org.eclipse.jdt.internal.junit.runner.RemoteTestRunner.main(RemoteTestRunner.java:211)\r\n","steps":[{"name":"Given User Launch Chrome Browser","time":{"start":1741092465227,"stop":1741092470003,"duration":4776},"status":"passed","steps":[],"attachments":[],"parameters":[],"hasContent":false,"attachmentStep":false,"stepsCount":0,"shouldDisplayMessage":false,"attachmentsCount":0},{"name":"When User opens URL \"http://www.way2automation.com/angularjs-protractor/webtables/\"","time":{"start":1741092470018,"stop":1741092473888,"duration":3870},"status":"passed","steps":[],"attachments":[{"uid":"837c427bcc0ce95b","name":"Landing Page","source":"837c427bcc0ce95b.png","type":"image/png","size":61341}],"parameters":[],"hasContent":true,"attachmentStep":false,"stepsCount":0,"shouldDisplayMessage":false,"attachmentsCount":1},{"name":"And The page title should be \"Protractor practice website - WebTables\"","time":{"start":1741092473889,"stop":1741092473922,"duration":33},"status":"passed","steps":[],"attachments":[],"parameters":[],"hasContent":false,"attachmentStep":false,"stepsCount":0,"shouldDisplayMessage":false,"attachmentsCount":0},{"name":"Then User clicks on the Add user button","time":{"start":1741092473923,"stop":1741092474122,"duration":199},"status":"passed","steps":[],"attachments":[],"parameters":[],"hasContent":false,"attachmentStep":false,"stepsCount":0,"shouldDisplayMessage":false,"attachmentsCount":0},{"name":"And User enters {string} as First Name and {string} as Last Name","time":{"start":1741092474123,"stop":1741092474153,"duration":30},"status":"broken","statusMessage":"Step [User enters \\{string} as First Name and \\{string} as Last Name] is defined with 2 parameters at 'com.absatest.java.StepDefinition.CreateProfileSteps.user_enters_as_first_name_and_as_last_name(java.lang.String,java.lang.String)'.\nHowever, the gherkin step has 0 arguments.\nStep text: User enters {string} as First Name and {string} as Last Name","statusTrace":"io.cucumber.core.exception.CucumberException: Step [User enters \\{string} as First Name and \\{string} as Last Name] is defined with 2 parameters at 'com.absatest.java.StepDefinition.CreateProfileSteps.user_enters_as_first_name_and_as_last_name(java.lang.String,java.lang.String)'.\nHowever, the gherkin step has 0 arguments.\nStep text: User enters {string} as First Name and {string} as Last Name\r\n\tat io.cucumber.core.runner.PickleStepDefinitionMatch.arityMismatch(PickleStepDefinitionMatch.java:82)\r\n\tat io.cucumber.core.runner.PickleStepDefinitionMatch.runStep(PickleStepDefinitionMatch.java:41)\r\n\tat io.cucumber.core.runner.ExecutionMode$1.execute(ExecutionMode.java:10)\r\n\tat io.cucumber.core.runner.TestStep.executeStep(TestStep.java:81)\r\n\tat io.cucumber.core.runner.TestStep.run(TestStep.java:53)\r\n\tat io.cucumber.core.runner.PickleStepTestStep.run(PickleStepTestStep.java:51)\r\n\tat io.cucumber.core.runner.TestCase.run(TestCase.java:84)\r\n\tat io.cucumber.core.runner.Runner.runPickle(Runner.java:75)\r\n\tat io.cucumber.junit.PickleRunners$NoStepDescriptions.lambda$run$0(PickleRunners.java:151)\r\n\tat io.cucumber.core.runtime.CucumberExecutionContext.lambda$runTestCase$5(CucumberExecutionContext.java:136)\r\n\tat io.cucumber.core.runtime.RethrowingThrowableCollector.executeAndThrow(RethrowingThrowableCollector.java:23)\r\n\tat io.cucumber.core.runtime.CucumberExecutionContext.runTestCase(CucumberExecutionContext.java:136)\r\n\tat io.cucumber.junit.PickleRunners$NoStepDescriptions.run(PickleRunners.java:148)\r\n\tat io.cucumber.junit.FeatureRunner.runChild(FeatureRunner.java:144)\r\n\tat io.cucumber.junit.FeatureRunner.runChild(FeatureRunner.java:28)\r\n\tat org.junit.runners.ParentRunner$4.run(ParentRunner.java:331)\r\n\tat org.junit.runners.ParentRunner$1.schedule(ParentRunner.java:79)\r\n\tat org.junit.runners.ParentRunner.runChildren(ParentRunner.java:329)\r\n\tat org.junit.runners.ParentRunner.access$100(ParentRunner.java:66)\r\n\tat org.junit.runners.ParentRunner$2.evaluate(ParentRunner.java:293)\r\n\tat org.junit.runners.ParentRunner$3.evaluate(ParentRunner.java:306)\r\n\tat org.junit.runners.ParentRunner.run(ParentRunner.java:413)\r\n\tat io.cucumber.junit.FeatureRunner.run(FeatureRunner.java:137)\r\n\tat io.cucumber.junit.Cucumber.runChild(Cucumber.java:199)\r\n\tat io.cucumber.junit.Cucumber.runChild(Cucumber.java:89)\r\n\tat org.junit.runners.ParentRunner$4.run(ParentRunner.java:331)\r\n\tat org.junit.runners.ParentRunner$1.schedule(ParentRunner.java:79)\r\n\tat org.junit.runners.ParentRunner.runChildren(ParentRunner.java:329)\r\n\tat org.junit.runners.ParentRunner.access$100(ParentRunner.java:66)\r\n\tat org.junit.runners.ParentRunner$2.evaluate(ParentRunner.java:293)\r\n\tat io.cucumber.core.runtime.CucumberExecutionContext.lambda$runFeatures$6(CucumberExecutionContext.java:147)\r\n\tat io.cucumber.core.runtime.CucumberExecutionContext.execute(CucumberExecutionContext.java:162)\r\n\tat io.cucumber.core.runtime.CucumberExecutionContext.runFeatures(CucumberExecutionContext.java:145)\r\n\tat io.cucumber.junit.Cucumber$StartAndFinishTestRun.evaluate(Cucumber.java:229)\r\n\tat org.junit.runners.ParentRunner$3.evaluate(ParentRunner.java:306)\r\n\tat org.junit.runners.ParentRunner.run(ParentRunner.java:413)\r\n\tat org.eclipse.jdt.internal.junit4.runner.JUnit4TestReference.run(JUnit4TestReference.java:93)\r\n\tat org.eclipse.jdt.internal.junit.runner.TestExecution.run(TestExecution.java:40)\r\n\tat org.eclipse.jdt.internal.junit.runner.RemoteTestRunner.runTests(RemoteTestRunner.java:520)\r\n\tat org.eclipse.jdt.internal.junit.runner.RemoteTestRunner.runTests(RemoteTestRunner.java:748)\r\n\tat org.eclipse.jdt.internal.junit.runner.RemoteTestRunner.run(RemoteTestRunner.java:443)\r\n\tat org.eclipse.jdt.internal.junit.runner.RemoteTestRunner.main(RemoteTestRunner.java:211)\r\n","steps":[],"attachments":[],"parameters":[],"hasContent":true,"attachmentStep":false,"stepsCount":0,"shouldDisplayMessage":true,"attachmentsCount":0},{"name":"And User enters a unique username as First Name","time":{"start":1741092474157,"stop":1741092474160,"duration":3},"status":"skipped","steps":[],"attachments":[],"parameters":[],"hasContent":false,"attachmentStep":false,"stepsCount":0,"shouldDisplayMessage":false,"attachmentsCount":0},{"name":"And click the save button","time":{"start":1741092474161,"stop":1741092474162,"duration":1},"status":"skipped","steps":[],"attachments":[],"parameters":[],"hasContent":false,"attachmentStep":false,"stepsCount":0,"shouldDisplayMessage":false,"attachmentsCount":0},{"name":"And validate the correct user has been added","time":{"start":1741092474163,"stop":1741092474167,"duration":4},"status":"skipped","steps":[],"attachments":[],"parameters":[],"hasContent":false,"attachmentStep":false,"stepsCount":0,"shouldDisplayMessage":false,"attachmentsCount":0},{"name":"And close Browser","time":{"start":1741092474167,"stop":1741092474168,"duration":1},"status":"skipped","steps":[],"attachments":[],"parameters":[],"hasContent":false,"attachmentStep":false,"stepsCount":0,"shouldDisplayMessage":false,"attachmentsCount":0}],"attachments":[],"parameters":[],"hasContent":true,"attachmentStep":false,"stepsCount":9,"shouldDisplayMessage":false,"attachmentsCount":1},"afterStages":[],"labels":[{"name":"tag","value":"CreateProfile"},{"name":"host","value":"Rockerfeller"},{"name":"thread","value":"28024@Rockerfeller.main(1)"},{"name":"feature","value":"CreateProfile"},{"name":"story","value":"User Create a profile on the Protractor practice website"},{"name":"suite","value":"CreateProfile"},{"name":"testClass","value":"User Create a profile on the Protractor practice website"},{"name":"framework","value":"cucumber4jvm"},{"name":"language","value":"java"},{"name":"gherkin_uri","value":"file:///C:/Users/tumel/Documents/AbsaTest/demo/src/test/java/com/absatest/resources/Features/CreateProfile.feature"},{"name":"package","value":"src.test.java.com.absatest.resources.Features.CreateProfile_feature.CreateProfile"},{"name":"resultFormat","value":"allure2"}],"parameters":[],"links":[],"hidden":true,"retry":true,"extra":{"categories":[],"tags":["CreateProfile"]},"source":"7c5e6c1ce10f72e7.json","parameterValues":[]}