<?xml version="1.0" encoding="UTF-8"?>
<testng-results ignored="0" total="1" passed="1" failed="0" skipped="0">
  <reporter-output>
  </reporter-output>
  <suite started-at="2025-03-04T16:48:41Z" name="Surefire suite" finished-at="2025-03-04T16:48:57Z" duration-ms="16286">
    <groups>
    </groups>
    <test started-at="2025-03-04T16:48:41Z" name="Surefire test" finished-at="2025-03-04T16:48:57Z" duration-ms="16286">
      <class name="com.absatest.AppTest">
        <test-method signature="shouldAnswerWithTrue()" started-at="2025-03-04T16:48:41Z" name="shouldAnswerWithTrue" finished-at="2025-03-04T16:48:41Z" duration-ms="116" status="PASS">
          <reporter-output>
          </reporter-output>
        </test-method> <!-- shouldAnswerWithTrue -->
      </class> <!-- com.absatest.AppTest -->
    </test> <!-- Surefire test -->
  </suite> <!-- Surefire suite -->
</testng-results>
